<?xml version="1.0" encoding="UTF-8"?>
<testng-results ignored="0" total="1" passed="1" failed="0" skipped="0">
  <reporter-output>
  </reporter-output>
  <suite started-at="2024-04-20T16:47:38Z" name="Default suite" finished-at="2024-04-20T16:47:45Z" duration-ms="6890">
    <groups>
    </groups>
    <test started-at="2024-04-20T16:47:38Z" name="Default test" finished-at="2024-04-20T16:47:45Z" duration-ms="6890">
      <class name="pruebang.SelTest">
        <test-method signature="testo1()[pri:0, instance:pruebang.SelTest@742ff096]" started-at="2024-04-20T10:47:38Z" name="testo1" finished-at="2024-04-20T10:47:45Z" duration-ms="6843" status="PASS">
          <reporter-output>
          </reporter-output>
        </test-method> <!-- testo1 -->
      </class> <!-- pruebang.SelTest -->
    </test> <!-- Default test -->
  </suite> <!-- Default suite -->
</testng-results>
